2022.08.01 15:38:26 INFO  tracing is disabled for protocol LSP, to enable tracing of incoming and outgoing JSON messages create an empty file at c:\Users\hamid\play-scala-react-seed\.metals\lsp.trace.json or C:\Users\hamid\AppData\Local\scalameta\metals\cache\lsp.trace.json
2022.08.01 15:38:27 INFO  logging to file C:\Users\hamid\play-scala-react-seed\.metals\metals.log
2022.08.01 15:38:27 INFO  Started: Metals version 0.11.7 in workspace 'C:\Users\hamid\play-scala-react-seed' for client Visual Studio Code 1.69.2.
2022.08.01 15:38:28 INFO  time: initialize in 1.12s
2022.08.01 15:38:28 WARN  Flyway upgrade recommended: H2 2.1.214 is newer than this version of Flyway and support has not been tested. The latest supported version of H2 is 2.1.210.
2022.08.01 15:38:28 WARN  Build server is not auto-connectable.
2022.08.01 15:39:12 WARN  no build target for: C:\Users\hamid\play-scala-react-seed\app\controllers\FrontendController.scala
2022.08.01 15:39:20 INFO  no build target found for C:\Users\hamid\play-scala-react-seed\app\controllers\FrontendController.scala. Using presentation compiler with project's scala-library version: 3.1.3
2022.08.01 15:39:23 INFO  time: code lens generation in 11s
2022.08.01 15:39:23 INFO  time: code lens generation in 2.85s
2022.08.01 15:41:31 WARN  no build target for: C:\Users\hamid\play-scala-react-seed\app\controllers\FrontendController.scala
2022.08.01 15:42:03 WARN  no build target for: C:\Users\hamid\play-scala-react-seed\app\Module.scala
2022.08.01 15:43:40 WARN  no build target for: C:\Users\hamid\play-scala-react-seed\app\controllers\FrontendController.scala
2022.08.01 15:43:48 WARN  no build target for: C:\Users\hamid\play-scala-react-seed\app\controllers\FrontendController.scala
2022.08.01 15:44:04 WARN  no build target for: C:\Users\hamid\play-scala-react-seed\project\FrontendCommands.scala
2022.08.01 15:44:22 WARN  no build target for: C:\Users\hamid\play-scala-react-seed\build.sbt
2022.08.01 15:44:55 WARN  no build target for: C:\Users\hamid\play-scala-react-seed\project\FrontendCommands.scala
2022.08.01 15:44:58 WARN  no build target for: C:\Users\hamid\play-scala-react-seed\project\FrontendRunHook.scala
2022.08.01 15:45:51 WARN  no build target for: C:\Users\hamid\play-scala-react-seed\app\controllers\HomeController.scala
2022.08.01 15:45:56 WARN  no build target for: C:\Users\hamid\play-scala-react-seed\app\Module.scala
2022.08.01 15:46:00 WARN  no build target for: C:\Users\hamid\play-scala-react-seed\app\Game.scala
2022.08.01 15:46:04 WARN  no build target for: C:\Users\hamid\play-scala-react-seed\app\controllers\HomeController.scala
2022.08.01 15:51:04 WARN  no build target for: C:\Users\hamid\play-scala-react-seed\app\controllers\HomeController.scala
2022.08.01 15:51:08 WARN  no build target for: C:\Users\hamid\play-scala-react-seed\app\controllers\DiceController.scala
Aug 01, 2022 3:51:49 PM org.eclipse.lsp4j.jsonrpc.RemoteEndpoint handleCancellation
WARNING: Unmatched cancel notification for request id 392
2022.08.01 15:55:37 WARN  no build target for: C:\Users\hamid\play-scala-react-seed\app\controllers\DiceController.scala
2022.08.01 15:56:20 WARN  no build target for: C:\Users\hamid\play-scala-react-seed\app\controllers\CountController.scala
Aug 01, 2022 3:56:56 PM org.eclipse.lsp4j.jsonrpc.RemoteEndpoint handleCancellation
WARNING: Unmatched cancel notification for request id 690
Aug 01, 2022 3:57:05 PM org.eclipse.lsp4j.jsonrpc.RemoteEndpoint handleCancellation
WARNING: Unmatched cancel notification for request id 693
2022.08.01 16:05:45 WARN  no build target for: C:\Users\hamid\play-scala-react-seed\app\controllers\DiceController.scala
2022.08.01 16:05:52 WARN  no build target for: C:\Users\hamid\play-scala-react-seed\app\controllers\DiceController.scala
2022.08.01 16:06:14 WARN  no build target for: C:\Users\hamid\play-scala-react-seed\app\controllers\DiceController.scala
2022.08.01 16:27:17 WARN  no build target for: C:\Users\hamid\play-scala-react-seed\app\Game.scala
2022.08.01 16:27:19 WARN  no build target for: C:\Users\hamid\play-scala-react-seed\app\Player.scala
Aug 01, 2022 4:27:31 PM org.eclipse.lsp4j.jsonrpc.RemoteEndpoint handleCancellation
WARNING: Unmatched cancel notification for request id 855
2022.08.01 16:30:32 WARN  no build target for: C:\Users\hamid\play-scala-react-seed\app\controllers\HomeController.scala
2022.08.01 16:30:33 WARN  no build target for: C:\Users\hamid\play-scala-react-seed\app\Game.scala
2022.08.01 16:31:52 WARN  no build target for: C:\Users\hamid\play-scala-react-seed\app\Player.scala
2022.08.01 16:47:47 WARN  no build target for: C:\Users\hamid\play-scala-react-seed\app\controllers\CountController.scala
Aug 01, 2022 4:49:52 PM org.eclipse.lsp4j.jsonrpc.RemoteEndpoint handleCancellation
WARNING: Unmatched cancel notification for request id 1025
2022.08.01 16:50:36 WARN  no build target for: C:\Users\hamid\play-scala-react-seed\app\controllers\CountController.scala
2022.08.02 13:31:35 WARN  no build target for: C:\Users\hamid\play-scala-react-seed\app\controllers\HomeController.scala
Aug 02, 2022 1:36:40 PM org.eclipse.lsp4j.jsonrpc.RemoteEndpoint handleCancellation
WARNING: Unmatched cancel notification for request id 1260
2022.08.02 13:44:06 WARN  no build target for: C:\Users\hamid\play-scala-react-seed\app\controllers\HomeController.scala
2022.08.02 13:48:03 WARN  no build target for: C:\Users\hamid\play-scala-react-seed\project\FrontendCommands.scala
2022.08.02 13:48:06 WARN  no build target for: C:\Users\hamid\play-scala-react-seed\project\plugins.sbt
